<?xml version="1.0" encoding="UTF-8" ?>
<testsuite tests="19" failures="0" name="KassapaateTest" time="0.001" errors="0" skipped="0">
  <properties>
[...]
</properties>
  <testcase classname="KassapaateTest" name="josKortillaSyodaanMaukkaastiNiinKassanRahamaaraEiMuutu" time="0"/>
  <testcase classname="KassapaateTest" name="kassapaateKonstruktoriOnOikea" time="0"/>
  <testcase classname="KassapaateTest" name="korttiOstoToimiiKunSyodaanEdullisesti" time="0"/>
  <testcase classname="KassapaateTest" name="josKortillaEiOleRahaaKunSyodaanMaukkaasti" time="0"/>
  <testcase classname="KassapaateTest" name="josKortillaSyodaanEdullisestiNiinKassanRahamaaraEiMuutu" time="0"/>
  <testcase classname="KassapaateTest" name="lounaidenMaaraKasvaaKunKortillaSyodaanMaukkaasti" time="0"/>
  <testcase classname="KassapaateTest" name="kassapaateKasvaaJosSyoMakeasti" time="0"/>
  <testcase classname="KassapaateTest" name="kassapaateenAntamaVaihtoRahaOnOikeaJosSyoMaukkaasti" time="0"/>
  <testcase classname="KassapaateTest" name="kortilleEiVoiLadataNegatiivisiaSummia" time="0"/>
  <testcase classname="KassapaateTest" name="kassapaateenAntamaVaihtoRahaOnOikeaJosSyoEdullisesti" time="0"/>
  <testcase classname="KassapaateTest" name="kassapaateKasvaaJosSyoEdullisesti" time="0.001"/>
  <testcase classname="KassapaateTest" name="korttiOstoToimiiKunSyodaanMaukkaasti" time="0"/>
  <testcase classname="KassapaateTest" name="josYritetaanSyodaMaukkaastiMuttaRahaaEiOle" time="0"/>
  <testcase classname="KassapaateTest" name="josYritetaanSyodaEdullisestiMuttaRahaaEiOle" time="0"/>
  <testcase classname="KassapaateTest" name="kortilleLatausToimii" time="0"/>
  <testcase classname="KassapaateTest" name="lounaidenMaaraKasvaaKunKortillaSyodaanEdullisesti" time="0"/>
  <testcase classname="KassapaateTest" name="lounaidenMaaraKasvaaJosSyoEdullisesti" time="0"/>
  <testcase classname="KassapaateTest" name="lounaidenMaaraKasvaaJosSyoMaukkaasti" time="0"/>
  <testcase classname="KassapaateTest" name="josKortillaEiOleRahaaKunSyodaanEdullisesti" time="0"/>
</testsuite>